{"/home/user/project/assets/email-review-dashboard-cap/srv/review-service.js": {"path":"/home/user/project/assets/email-review-dashboard-cap/srv/review-service.js","statementMap":{"0":{"start":{"line":3,"column":12},"end":{"line":3,"column":31}},"1":{"start":{"line":5,"column":0},"end":{"line":139,"column":2}},"2":{"start":{"line":8,"column":63},"end":{"line":8,"column":76}},"3":{"start":{"line":11,"column":8},"end":{"line":33,"column":11}},"4":{"start":{"line":13,"column":23},"end":{"line":13,"column":88}},"5":{"start":{"line":14,"column":55},"end":{"line":14,"column":69}},"6":{"start":{"line":15,"column":24},"end":{"line":15,"column":48}},"7":{"start":{"line":17,"column":12},"end":{"line":17,"column":62}},"8":{"start":{"line":17,"column":21},"end":{"line":17,"column":62}},"9":{"start":{"line":19,"column":22},"end":{"line":28,"column":18}},"10":{"start":{"line":30,"column":12},"end":{"line":30,"column":82}},"11":{"start":{"line":30,"column":20},"end":{"line":30,"column":82}},"12":{"start":{"line":32,"column":12},"end":{"line":32,"column":58}},"13":{"start":{"line":36,"column":8},"end":{"line":56,"column":11}},"14":{"start":{"line":37,"column":23},"end":{"line":37,"column":88}},"15":{"start":{"line":38,"column":40},"end":{"line":38,"column":54}},"16":{"start":{"line":39,"column":24},"end":{"line":39,"column":48}},"17":{"start":{"line":41,"column":12},"end":{"line":41,"column":62}},"18":{"start":{"line":41,"column":21},"end":{"line":41,"column":62}},"19":{"start":{"line":43,"column":22},"end":{"line":51,"column":18}},"20":{"start":{"line":53,"column":12},"end":{"line":53,"column":82}},"21":{"start":{"line":53,"column":20},"end":{"line":53,"column":82}},"22":{"start":{"line":55,"column":12},"end":{"line":55,"column":58}},"23":{"start":{"line":59,"column":8},"end":{"line":81,"column":11}},"24":{"start":{"line":60,"column":23},"end":{"line":60,"column":88}},"25":{"start":{"line":61,"column":55},"end":{"line":61,"column":69}},"26":{"start":{"line":62,"column":24},"end":{"line":62,"column":48}},"27":{"start":{"line":64,"column":12},"end":{"line":64,"column":62}},"28":{"start":{"line":64,"column":21},"end":{"line":64,"column":62}},"29":{"start":{"line":65,"column":12},"end":{"line":65,"column":97}},"30":{"start":{"line":65,"column":32},"end":{"line":65,"column":97}},"31":{"start":{"line":67,"column":22},"end":{"line":76,"column":18}},"32":{"start":{"line":78,"column":12},"end":{"line":78,"column":92}},"33":{"start":{"line":78,"column":20},"end":{"line":78,"column":92}},"34":{"start":{"line":80,"column":12},"end":{"line":80,"column":58}},"35":{"start":{"line":84,"column":8},"end":{"line":104,"column":11}},"36":{"start":{"line":85,"column":23},"end":{"line":85,"column":88}},"37":{"start":{"line":86,"column":40},"end":{"line":86,"column":54}},"38":{"start":{"line":87,"column":24},"end":{"line":87,"column":48}},"39":{"start":{"line":89,"column":12},"end":{"line":89,"column":62}},"40":{"start":{"line":89,"column":21},"end":{"line":89,"column":62}},"41":{"start":{"line":91,"column":22},"end":{"line":99,"column":18}},"42":{"start":{"line":101,"column":12},"end":{"line":101,"column":82}},"43":{"start":{"line":101,"column":20},"end":{"line":101,"column":82}},"44":{"start":{"line":103,"column":12},"end":{"line":103,"column":58}},"45":{"start":{"line":107,"column":8},"end":{"line":113,"column":11}},"46":{"start":{"line":108,"column":27},"end":{"line":111,"column":52}},"47":{"start":{"line":112,"column":12},"end":{"line":112,"column":46}},"48":{"start":{"line":116,"column":8},"end":{"line":135,"column":11}},"49":{"start":{"line":117,"column":58},"end":{"line":122,"column":14}},"50":{"start":{"line":124,"column":28},"end":{"line":132,"column":13}},"51":{"start":{"line":134,"column":12},"end":{"line":134,"column":43}},"52":{"start":{"line":137,"column":8},"end":{"line":137,"column":28}}},"fnMap":{"0":{"name":"(anonymous_0)","decl":{"start":{"line":7,"column":4},"end":{"line":7,"column":5}},"loc":{"start":{"line":7,"column":17},"end":{"line":138,"column":5}},"line":7},"1":{"name":"(anonymous_1)","decl":{"start":{"line":11,"column":44},"end":{"line":11,"column":45}},"loc":{"start":{"line":11,"column":59},"end":{"line":33,"column":9}},"line":11},"2":{"name":"(anonymous_2)","decl":{"start":{"line":36,"column":43},"end":{"line":36,"column":44}},"loc":{"start":{"line":36,"column":58},"end":{"line":56,"column":9}},"line":36},"3":{"name":"(anonymous_3)","decl":{"start":{"line":59,"column":48},"end":{"line":59,"column":49}},"loc":{"start":{"line":59,"column":63},"end":{"line":81,"column":9}},"line":59},"4":{"name":"(anonymous_4)","decl":{"start":{"line":84,"column":45},"end":{"line":84,"column":46}},"loc":{"start":{"line":84,"column":60},"end":{"line":104,"column":9}},"line":84},"5":{"name":"(anonymous_5)","decl":{"start":{"line":107,"column":41},"end":{"line":107,"column":42}},"loc":{"start":{"line":107,"column":53},"end":{"line":113,"column":9}},"line":107},"6":{"name":"(anonymous_6)","decl":{"start":{"line":116,"column":39},"end":{"line":116,"column":40}},"loc":{"start":{"line":116,"column":51},"end":{"line":135,"column":9}},"line":116}},"branchMap":{"0":{"loc":{"start":{"line":13,"column":23},"end":{"line":13,"column":88}},"type":"binary-expr","locations":[{"start":{"line":13,"column":24},"end":{"line":13,"column":34}},{"start":{"line":13,"column":38},"end":{"line":13,"column":51}},{"start":{"line":13,"column":55},"end":{"line":13,"column":71}},{"start":{"line":13,"column":76},"end":{"line":13,"column":88}}],"line":13},"1":{"loc":{"start":{"line":14,"column":55},"end":{"line":14,"column":69}},"type":"binary-expr","locations":[{"start":{"line":14,"column":55},"end":{"line":14,"column":63}},{"start":{"line":14,"column":67},"end":{"line":14,"column":69}}],"line":14},"2":{"loc":{"start":{"line":17,"column":12},"end":{"line":17,"column":62}},"type":"if","locations":[{"start":{"line":17,"column":12},"end":{"line":17,"column":62}},{"start":{},"end":{}}],"line":17},"3":{"loc":{"start":{"line":23,"column":35},"end":{"line":23,"column":54}},"type":"binary-expr","locations":[{"start":{"line":23,"column":35},"end":{"line":23,"column":48}},{"start":{"line":23,"column":52},"end":{"line":23,"column":54}}],"line":23},"4":{"loc":{"start":{"line":24,"column":37},"end":{"line":24,"column":58}},"type":"binary-expr","locations":[{"start":{"line":24,"column":37},"end":{"line":24,"column":52}},{"start":{"line":24,"column":56},"end":{"line":24,"column":58}}],"line":24},"5":{"loc":{"start":{"line":25,"column":32},"end":{"line":25,"column":56}},"type":"binary-expr","locations":[{"start":{"line":25,"column":32},"end":{"line":25,"column":44}},{"start":{"line":25,"column":48},"end":{"line":25,"column":56}}],"line":25},"6":{"loc":{"start":{"line":30,"column":12},"end":{"line":30,"column":82}},"type":"if","locations":[{"start":{"line":30,"column":12},"end":{"line":30,"column":82}},{"start":{},"end":{}}],"line":30},"7":{"loc":{"start":{"line":37,"column":23},"end":{"line":37,"column":88}},"type":"binary-expr","locations":[{"start":{"line":37,"column":24},"end":{"line":37,"column":34}},{"start":{"line":37,"column":38},"end":{"line":37,"column":51}},{"start":{"line":37,"column":55},"end":{"line":37,"column":71}},{"start":{"line":37,"column":76},"end":{"line":37,"column":88}}],"line":37},"8":{"loc":{"start":{"line":38,"column":40},"end":{"line":38,"column":54}},"type":"binary-expr","locations":[{"start":{"line":38,"column":40},"end":{"line":38,"column":48}},{"start":{"line":38,"column":52},"end":{"line":38,"column":54}}],"line":38},"9":{"loc":{"start":{"line":41,"column":12},"end":{"line":41,"column":62}},"type":"if","locations":[{"start":{"line":41,"column":12},"end":{"line":41,"column":62}},{"start":{},"end":{}}],"line":41},"10":{"loc":{"start":{"line":47,"column":37},"end":{"line":47,"column":58}},"type":"binary-expr","locations":[{"start":{"line":47,"column":37},"end":{"line":47,"column":52}},{"start":{"line":47,"column":56},"end":{"line":47,"column":58}}],"line":47},"11":{"loc":{"start":{"line":48,"column":32},"end":{"line":48,"column":56}},"type":"binary-expr","locations":[{"start":{"line":48,"column":32},"end":{"line":48,"column":44}},{"start":{"line":48,"column":48},"end":{"line":48,"column":56}}],"line":48},"12":{"loc":{"start":{"line":53,"column":12},"end":{"line":53,"column":82}},"type":"if","locations":[{"start":{"line":53,"column":12},"end":{"line":53,"column":82}},{"start":{},"end":{}}],"line":53},"13":{"loc":{"start":{"line":60,"column":23},"end":{"line":60,"column":88}},"type":"binary-expr","locations":[{"start":{"line":60,"column":24},"end":{"line":60,"column":34}},{"start":{"line":60,"column":38},"end":{"line":60,"column":51}},{"start":{"line":60,"column":55},"end":{"line":60,"column":71}},{"start":{"line":60,"column":76},"end":{"line":60,"column":88}}],"line":60},"14":{"loc":{"start":{"line":61,"column":55},"end":{"line":61,"column":69}},"type":"binary-expr","locations":[{"start":{"line":61,"column":55},"end":{"line":61,"column":63}},{"start":{"line":61,"column":67},"end":{"line":61,"column":69}}],"line":61},"15":{"loc":{"start":{"line":64,"column":12},"end":{"line":64,"column":62}},"type":"if","locations":[{"start":{"line":64,"column":12},"end":{"line":64,"column":62}},{"start":{},"end":{}}],"line":64},"16":{"loc":{"start":{"line":65,"column":12},"end":{"line":65,"column":97}},"type":"if","locations":[{"start":{"line":65,"column":12},"end":{"line":65,"column":97}},{"start":{},"end":{}}],"line":65},"17":{"loc":{"start":{"line":72,"column":37},"end":{"line":72,"column":58}},"type":"binary-expr","locations":[{"start":{"line":72,"column":37},"end":{"line":72,"column":52}},{"start":{"line":72,"column":56},"end":{"line":72,"column":58}}],"line":72},"18":{"loc":{"start":{"line":73,"column":32},"end":{"line":73,"column":56}},"type":"binary-expr","locations":[{"start":{"line":73,"column":32},"end":{"line":73,"column":44}},{"start":{"line":73,"column":48},"end":{"line":73,"column":56}}],"line":73},"19":{"loc":{"start":{"line":78,"column":12},"end":{"line":78,"column":92}},"type":"if","locations":[{"start":{"line":78,"column":12},"end":{"line":78,"column":92}},{"start":{},"end":{}}],"line":78},"20":{"loc":{"start":{"line":85,"column":23},"end":{"line":85,"column":88}},"type":"binary-expr","locations":[{"start":{"line":85,"column":24},"end":{"line":85,"column":34}},{"start":{"line":85,"column":38},"end":{"line":85,"column":51}},{"start":{"line":85,"column":55},"end":{"line":85,"column":71}},{"start":{"line":85,"column":76},"end":{"line":85,"column":88}}],"line":85},"21":{"loc":{"start":{"line":86,"column":40},"end":{"line":86,"column":54}},"type":"binary-expr","locations":[{"start":{"line":86,"column":40},"end":{"line":86,"column":48}},{"start":{"line":86,"column":52},"end":{"line":86,"column":54}}],"line":86},"22":{"loc":{"start":{"line":89,"column":12},"end":{"line":89,"column":62}},"type":"if","locations":[{"start":{"line":89,"column":12},"end":{"line":89,"column":62}},{"start":{},"end":{}}],"line":89},"23":{"loc":{"start":{"line":95,"column":37},"end":{"line":95,"column":58}},"type":"binary-expr","locations":[{"start":{"line":95,"column":37},"end":{"line":95,"column":52}},{"start":{"line":95,"column":56},"end":{"line":95,"column":58}}],"line":95},"24":{"loc":{"start":{"line":96,"column":32},"end":{"line":96,"column":56}},"type":"binary-expr","locations":[{"start":{"line":96,"column":32},"end":{"line":96,"column":44}},{"start":{"line":96,"column":48},"end":{"line":96,"column":56}}],"line":96},"25":{"loc":{"start":{"line":101,"column":12},"end":{"line":101,"column":82}},"type":"if","locations":[{"start":{"line":101,"column":12},"end":{"line":101,"column":82}},{"start":{},"end":{}}],"line":101},"26":{"loc":{"start":{"line":112,"column":26},"end":{"line":112,"column":44}},"type":"binary-expr","locations":[{"start":{"line":112,"column":26},"end":{"line":112,"column":39}},{"start":{"line":112,"column":43},"end":{"line":112,"column":44}}],"line":112},"27":{"loc":{"start":{"line":125,"column":32},"end":{"line":125,"column":51}},"type":"binary-expr","locations":[{"start":{"line":125,"column":32},"end":{"line":125,"column":46}},{"start":{"line":125,"column":50},"end":{"line":125,"column":51}}],"line":125},"28":{"loc":{"start":{"line":126,"column":33},"end":{"line":126,"column":53}},"type":"binary-expr","locations":[{"start":{"line":126,"column":33},"end":{"line":126,"column":48}},{"start":{"line":126,"column":52},"end":{"line":126,"column":53}}],"line":126},"29":{"loc":{"start":{"line":127,"column":34},"end":{"line":127,"column":55}},"type":"binary-expr","locations":[{"start":{"line":127,"column":34},"end":{"line":127,"column":50}},{"start":{"line":127,"column":54},"end":{"line":127,"column":55}}],"line":127},"30":{"loc":{"start":{"line":128,"column":30},"end":{"line":128,"column":47}},"type":"binary-expr","locations":[{"start":{"line":128,"column":30},"end":{"line":128,"column":42}},{"start":{"line":128,"column":46},"end":{"line":128,"column":47}}],"line":128},"31":{"loc":{"start":{"line":129,"column":36},"end":{"line":131,"column":25}},"type":"cond-expr","locations":[{"start":{"line":130,"column":22},"end":{"line":130,"column":105}},{"start":{"line":131,"column":22},"end":{"line":131,"column":25}}],"line":129},"32":{"loc":{"start":{"line":130,"column":42},"end":{"line":130,"column":62}},"type":"binary-expr","locations":[{"start":{"line":130,"column":42},"end":{"line":130,"column":57}},{"start":{"line":130,"column":61},"end":{"line":130,"column":62}}],"line":130}},"s":{"0":1,"1":1,"2":1,"3":1,"4":2,"5":2,"6":2,"7":2,"8":0,"9":2,"10":2,"11":1,"12":1,"13":1,"14":1,"15":1,"16":1,"17":1,"18":0,"19":1,"20":1,"21":0,"22":1,"23":1,"24":2,"25":2,"26":2,"27":2,"28":0,"29":2,"30":1,"31":1,"32":1,"33":0,"34":1,"35":1,"36":1,"37":1,"38":1,"39":1,"40":0,"41":1,"42":1,"43":0,"44":1,"45":1,"46":1,"47":1,"48":1,"49":1,"50":1,"51":1,"52":1},"f":{"0":1,"1":2,"2":1,"3":2,"4":1,"5":1,"6":1},"b":{"0":[2,2,2,0],"1":[2,0],"2":[0,2],"3":[2,0],"4":[2,1],"5":[2,0],"6":[1,1],"7":[1,1,1,0],"8":[1,0],"9":[0,1],"10":[1,0],"11":[1,0],"12":[0,1],"13":[2,2,2,0],"14":[2,0],"15":[0,2],"16":[1,1],"17":[1,0],"18":[1,0],"19":[0,1],"20":[1,1,1,0],"21":[1,0],"22":[0,1],"23":[1,0],"24":[1,0],"25":[0,1],"26":[1,0],"27":[1,0],"28":[1,0],"29":[1,0],"30":[1,0],"31":[1,0],"32":[1,0]},"_coverageSchema":"1a1c01bbd47fc00a2c39e90264f33305004495a9","hash":"bde02cda10042a406cd0da10bda26539a4d8036c"}
}
