TN:
SF:srv/review-service.js
FN:7,(anonymous_0)
FN:11,(anonymous_1)
FN:36,(anonymous_2)
FN:59,(anonymous_3)
FN:84,(anonymous_4)
FN:107,(anonymous_5)
FN:116,(anonymous_6)
FNF:7
FNH:7
FNDA:1,(anonymous_0)
FNDA:2,(anonymous_1)
FNDA:1,(anonymous_2)
FNDA:2,(anonymous_3)
FNDA:1,(anonymous_4)
FNDA:1,(anonymous_5)
FNDA:1,(anonymous_6)
DA:3,1
DA:5,1
DA:8,1
DA:11,1
DA:13,2
DA:14,2
DA:15,2
DA:17,2
DA:19,2
DA:30,2
DA:32,1
DA:36,1
DA:37,1
DA:38,1
DA:39,1
DA:41,1
DA:43,1
DA:53,1
DA:55,1
DA:59,1
DA:60,2
DA:61,2
DA:62,2
DA:64,2
DA:65,2
DA:67,1
DA:78,1
DA:80,1
DA:84,1
DA:85,1
DA:86,1
DA:87,1
DA:89,1
DA:91,1
DA:101,1
DA:103,1
DA:107,1
DA:108,1
DA:112,1
DA:116,1
DA:117,1
DA:124,1
DA:134,1
DA:137,1
LF:44
LH:44
BRDA:13,0,0,2
BRDA:13,0,1,2
BRDA:13,0,2,2
BRDA:13,0,3,0
BRDA:14,1,0,2
BRDA:14,1,1,0
BRDA:17,2,0,0
BRDA:17,2,1,2
BRDA:23,3,0,2
BRDA:23,3,1,0
BRDA:24,4,0,2
BRDA:24,4,1,1
BRDA:25,5,0,2
BRDA:25,5,1,0
BRDA:30,6,0,1
BRDA:30,6,1,1
BRDA:37,7,0,1
BRDA:37,7,1,1
BRDA:37,7,2,1
BRDA:37,7,3,0
BRDA:38,8,0,1
BRDA:38,8,1,0
BRDA:41,9,0,0
BRDA:41,9,1,1
BRDA:47,10,0,1
BRDA:47,10,1,0
BRDA:48,11,0,1
BRDA:48,11,1,0
BRDA:53,12,0,0
BRDA:53,12,1,1
BRDA:60,13,0,2
BRDA:60,13,1,2
BRDA:60,13,2,2
BRDA:60,13,3,0
BRDA:61,14,0,2
BRDA:61,14,1,0
BRDA:64,15,0,0
BRDA:64,15,1,2
BRDA:65,16,0,1
BRDA:65,16,1,1
BRDA:72,17,0,1
BRDA:72,17,1,0
BRDA:73,18,0,1
BRDA:73,18,1,0
BRDA:78,19,0,0
BRDA:78,19,1,1
BRDA:85,20,0,1
BRDA:85,20,1,1
BRDA:85,20,2,1
BRDA:85,20,3,0
BRDA:86,21,0,1
BRDA:86,21,1,0
BRDA:89,22,0,0
BRDA:89,22,1,1
BRDA:95,23,0,1
BRDA:95,23,1,0
BRDA:96,24,0,1
BRDA:96,24,1,0
BRDA:101,25,0,0
BRDA:101,25,1,1
BRDA:112,26,0,1
BRDA:112,26,1,0
BRDA:125,27,0,1
BRDA:125,27,1,0
BRDA:126,28,0,1
BRDA:126,28,1,0
BRDA:127,29,0,1
BRDA:127,29,1,0
BRDA:128,30,0,1
BRDA:128,30,1,0
BRDA:129,31,0,1
BRDA:129,31,1,0
BRDA:130,32,0,1
BRDA:130,32,1,0
BRF:74
BRH:44
end_of_record
